<?xml version="1.0" encoding="UTF-8"?>
<testng-results skipped="0" failed="0" ignored="0" total="2" passed="2">
  <reporter-output>
  </reporter-output>
  <suite name="Suite" duration-ms="127892" started-at="2021-04-02T20:30:09Z" finished-at="2021-04-02T20:32:17Z">
    <groups>
    </groups>
    <test name="Test" duration-ms="127892" started-at="2021-04-02T20:30:09Z" finished-at="2021-04-02T20:32:17Z">
      <class name="com.Appium.Test.TCID_002">
        <test-method status="PASS" signature="Testtwo(java.lang.String)[pri:0, instance:com.Appium.Test.TCID_002@5ae63ade]" name="Testtwo" duration-ms="94753" started-at="2021-04-02T20:30:10Z" data-provider="inputData" finished-at="2021-04-02T20:31:44Z">
          <params>
            <param index="0">
              <value>
                <![CDATA[hello]]>
              </value>
            </param>
          </params>
          <reporter-output>
          </reporter-output>
        </test-method> <!-- Testtwo -->
        <test-method status="PASS" signature="Testtwo(java.lang.String)[pri:0, instance:com.Appium.Test.TCID_002@5ae63ade]" name="Testtwo" duration-ms="32973" started-at="2021-04-02T20:31:44Z" data-provider="inputData" finished-at="2021-04-02T20:32:17Z">
          <params>
            <param index="0">
              <value>
                <![CDATA[#$$%^^]]>
              </value>
            </param>
          </params>
          <reporter-output>
          </reporter-output>
        </test-method> <!-- Testtwo -->
      </class> <!-- com.Appium.Test.TCID_002 -->
    </test> <!-- Test -->
  </suite> <!-- Suite -->
</testng-results>
